2020-02-05T07:09:15.702Z [warn] WARNING: {{f.text-field}} was not converted as it has positional parameters which can't be automatically converted. Source: ./app/templates/components/person-edit.hbs
2020-02-05T07:09:16.051Z [warn] WARNING: {{f.text-field}} was not converted as it has positional parameters which can't be automatically converted. Source: ./app/templates/components/company-new.hbs
2020-02-05T07:09:15.705Z [warn] WARNING: {{f.text-field}} was not converted as it has positional parameters which can't be automatically converted. Source: ./app/templates/components/person-edit.hbs
2020-02-05T07:09:15.705Z [warn] WARNING: {{f.text-field}} was not converted as it has positional parameters which can't be automatically converted. Source: ./app/templates/components/person-edit.hbs
2020-02-05T07:09:15.707Z [warn] WARNING: {{f.text-field}} was not converted as it has positional parameters which can't be automatically converted. Source: ./app/templates/components/person-edit.hbs
2020-02-05T07:09:15.919Z [warn] WARNING: {{f.text-field}} was not converted as it has positional parameters which can't be automatically converted. Source: ./app/templates/components/person-new.hbs
2020-02-05T07:09:15.919Z [warn] WARNING: {{f.text-field}} was not converted as it has positional parameters which can't be automatically converted. Source: ./app/templates/components/person-new.hbs
2020-02-05T07:09:15.919Z [warn] WARNING: {{f.text-field}} was not converted as it has positional parameters which can't be automatically converted. Source: ./app/templates/components/person-new.hbs
2020-02-05T07:09:15.920Z [warn] WARNING: {{f.text-field}} was not converted as it has positional parameters which can't be automatically converted. Source: ./app/templates/components/person-new.hbs
2020-02-05T07:09:16.054Z [warn] WARNING: {{l.text-field}} was not converted as it has positional parameters which can't be automatically converted. Source: ./app/templates/components/company-new.hbs
2020-02-05T07:09:16.055Z [warn] WARNING: {{f.text-field}} was not converted as it has positional parameters which can't be automatically converted. Source: ./app/templates/components/company-new.hbs
2020-02-05T07:09:16.055Z [warn] WARNING: {{f.text-field}} was not converted as it has positional parameters which can't be automatically converted. Source: ./app/templates/components/company-new.hbs
2020-02-05T07:09:16.055Z [warn] WARNING: {{f.text-field}} was not converted as it has positional parameters which can't be automatically converted. Source: ./app/templates/components/company-new.hbs
2020-02-05T07:09:16.055Z [warn] WARNING: {{f.text-field}} was not converted as it has positional parameters which can't be automatically converted. Source: ./app/templates/components/company-new.hbs
2020-02-05T07:09:16.055Z [warn] WARNING: {{f.text-field}} was not converted as it has positional parameters which can't be automatically converted. Source: ./app/templates/components/company-new.hbs
2020-02-05T07:09:16.056Z [warn] WARNING: {{f.text-field}} was not converted as it has positional parameters which can't be automatically converted. Source: ./app/templates/components/company-new.hbs
2020-02-05T07:09:16.056Z [warn] WARNING: {{f.text-field}} was not converted as it has positional parameters which can't be automatically converted. Source: ./app/templates/components/company-new.hbs
2020-02-05T07:09:16.056Z [warn] WARNING: {{f.text-field}} was not converted as it has positional parameters which can't be automatically converted. Source: ./app/templates/components/company-new.hbs
2020-02-05T07:09:16.056Z [warn] WARNING: {{f.text-field}} was not converted as it has positional parameters which can't be automatically converted. Source: ./app/templates/components/company-new.hbs
2020-02-05T07:09:16.057Z [warn] WARNING: {{q.text-field}} was not converted as it has positional parameters which can't be automatically converted. Source: ./app/templates/components/company-new.hbs
2020-02-05T07:09:16.057Z [warn] WARNING: {{q.text-field}} was not converted as it has positional parameters which can't be automatically converted. Source: ./app/templates/components/company-new.hbs
2020-02-05T07:09:16.235Z [warn] WARNING: {{f.text-field}} was not converted as it has positional parameters which can't be automatically converted. Source: ./app/templates/components/company-overview-edit.hbs
2020-02-05T07:09:16.235Z [warn] WARNING: {{l.text-field}} was not converted as it has positional parameters which can't be automatically converted. Source: ./app/templates/components/company-overview-edit.hbs
2020-02-05T07:09:16.236Z [warn] WARNING: {{f.text-field}} was not converted as it has positional parameters which can't be automatically converted. Source: ./app/templates/components/company-overview-edit.hbs
2020-02-05T07:09:16.237Z [warn] WARNING: {{f.text-field}} was not converted as it has positional parameters which can't be automatically converted. Source: ./app/templates/components/company-overview-edit.hbs
2020-02-05T07:09:16.237Z [warn] WARNING: {{f.text-field}} was not converted as it has positional parameters which can't be automatically converted. Source: ./app/templates/components/company-overview-edit.hbs
2020-02-05T07:09:16.237Z [warn] WARNING: {{f.text-field}} was not converted as it has positional parameters which can't be automatically converted. Source: ./app/templates/components/company-overview-edit.hbs
2020-02-05T07:09:16.237Z [warn] WARNING: {{f.text-field}} was not converted as it has positional parameters which can't be automatically converted. Source: ./app/templates/components/company-overview-edit.hbs
2020-02-05T07:09:16.238Z [warn] WARNING: {{f.text-field}} was not converted as it has positional parameters which can't be automatically converted. Source: ./app/templates/components/company-overview-edit.hbs
2020-02-05T07:09:16.238Z [warn] WARNING: {{f.text-field}} was not converted as it has positional parameters which can't be automatically converted. Source: ./app/templates/components/company-overview-edit.hbs
2020-02-05T07:09:16.238Z [warn] WARNING: {{f.text-field}} was not converted as it has positional parameters which can't be automatically converted. Source: ./app/templates/components/company-overview-edit.hbs
2020-02-05T07:09:16.238Z [warn] WARNING: {{f.text-field}} was not converted as it has positional parameters which can't be automatically converted. Source: ./app/templates/components/company-overview-edit.hbs
2020-02-05T07:09:16.239Z [warn] WARNING: {{q.text-field}} was not converted as it has positional parameters which can't be automatically converted. Source: ./app/templates/components/company-overview-edit.hbs
2020-02-05T07:09:16.240Z [warn] WARNING: {{q.text-field}} was not converted as it has positional parameters which can't be automatically converted. Source: ./app/templates/components/company-overview-edit.hbs
