2020-02-05T10:02:55.170Z [warn] WARNING: {{f.text-field}} was not converted as it has positional parameters which can't be automatically converted. Source: ./frontend/app/templates/components/person-edit.hbs
2020-02-05T10:02:55.395Z [warn] WARNING: {{f.text-field}} was not converted as it has positional parameters which can't be automatically converted. Source: ./frontend/app/templates/components/company-new.hbs
2020-02-05T10:02:55.398Z [warn] WARNING: {{l.text-field}} was not converted as it has positional parameters which can't be automatically converted. Source: ./frontend/app/templates/components/company-new.hbs
2020-02-05T10:02:55.398Z [warn] WARNING: {{f.text-field}} was not converted as it has positional parameters which can't be automatically converted. Source: ./frontend/app/templates/components/company-new.hbs
2020-02-05T10:02:55.398Z [warn] WARNING: {{f.text-field}} was not converted as it has positional parameters which can't be automatically converted. Source: ./frontend/app/templates/components/company-new.hbs
2020-02-05T10:02:55.399Z [warn] WARNING: {{f.text-field}} was not converted as it has positional parameters which can't be automatically converted. Source: ./frontend/app/templates/components/company-new.hbs
2020-02-05T10:02:55.399Z [warn] WARNING: {{f.text-field}} was not converted as it has positional parameters which can't be automatically converted. Source: ./frontend/app/templates/components/company-new.hbs
2020-02-05T10:02:55.399Z [warn] WARNING: {{f.text-field}} was not converted as it has positional parameters which can't be automatically converted. Source: ./frontend/app/templates/components/company-new.hbs
2020-02-05T10:02:55.399Z [warn] WARNING: {{f.text-field}} was not converted as it has positional parameters which can't be automatically converted. Source: ./frontend/app/templates/components/company-new.hbs
2020-02-05T10:02:55.400Z [warn] WARNING: {{f.text-field}} was not converted as it has positional parameters which can't be automatically converted. Source: ./frontend/app/templates/components/company-new.hbs
2020-02-05T10:02:55.400Z [warn] WARNING: {{f.text-field}} was not converted as it has positional parameters which can't be automatically converted. Source: ./frontend/app/templates/components/company-new.hbs
2020-02-05T10:02:55.400Z [warn] WARNING: {{f.text-field}} was not converted as it has positional parameters which can't be automatically converted. Source: ./frontend/app/templates/components/company-new.hbs
2020-02-05T10:02:55.401Z [warn] WARNING: {{q.text-field}} was not converted as it has positional parameters which can't be automatically converted. Source: ./frontend/app/templates/components/company-new.hbs
2020-02-05T10:02:55.409Z [warn] WARNING: {{q.text-field}} was not converted as it has positional parameters which can't be automatically converted. Source: ./frontend/app/templates/components/company-new.hbs
2020-02-05T10:02:55.681Z [warn] WARNING: {{f.text-field}} was not converted as it has positional parameters which can't be automatically converted. Source: ./frontend/app/templates/components/company-overview-edit.hbs
2020-02-05T10:02:55.682Z [warn] WARNING: {{l.text-field}} was not converted as it has positional parameters which can't be automatically converted. Source: ./frontend/app/templates/components/company-overview-edit.hbs
2020-02-05T10:02:55.682Z [warn] WARNING: {{f.text-field}} was not converted as it has positional parameters which can't be automatically converted. Source: ./frontend/app/templates/components/company-overview-edit.hbs
2020-02-05T10:02:55.683Z [warn] WARNING: {{f.text-field}} was not converted as it has positional parameters which can't be automatically converted. Source: ./frontend/app/templates/components/company-overview-edit.hbs
2020-02-05T10:02:55.683Z [warn] WARNING: {{f.text-field}} was not converted as it has positional parameters which can't be automatically converted. Source: ./frontend/app/templates/components/company-overview-edit.hbs
2020-02-05T10:02:55.683Z [warn] WARNING: {{f.text-field}} was not converted as it has positional parameters which can't be automatically converted. Source: ./frontend/app/templates/components/company-overview-edit.hbs
2020-02-05T10:02:55.683Z [warn] WARNING: {{f.text-field}} was not converted as it has positional parameters which can't be automatically converted. Source: ./frontend/app/templates/components/company-overview-edit.hbs
2020-02-05T10:02:55.690Z [warn] WARNING: {{f.text-field}} was not converted as it has positional parameters which can't be automatically converted. Source: ./frontend/app/templates/components/company-overview-edit.hbs
2020-02-05T10:02:55.691Z [warn] WARNING: {{f.text-field}} was not converted as it has positional parameters which can't be automatically converted. Source: ./frontend/app/templates/components/company-overview-edit.hbs
2020-02-05T10:02:55.691Z [warn] WARNING: {{f.text-field}} was not converted as it has positional parameters which can't be automatically converted. Source: ./frontend/app/templates/components/company-overview-edit.hbs
2020-02-05T10:02:55.691Z [warn] WARNING: {{f.text-field}} was not converted as it has positional parameters which can't be automatically converted. Source: ./frontend/app/templates/components/company-overview-edit.hbs
2020-02-05T10:02:55.692Z [warn] WARNING: {{q.text-field}} was not converted as it has positional parameters which can't be automatically converted. Source: ./frontend/app/templates/components/company-overview-edit.hbs
2020-02-05T10:02:55.692Z [warn] WARNING: {{q.text-field}} was not converted as it has positional parameters which can't be automatically converted. Source: ./frontend/app/templates/components/company-overview-edit.hbs
2020-02-05T10:02:55.173Z [warn] WARNING: {{f.text-field}} was not converted as it has positional parameters which can't be automatically converted. Source: ./frontend/app/templates/components/person-edit.hbs
2020-02-05T10:02:55.173Z [warn] WARNING: {{f.text-field}} was not converted as it has positional parameters which can't be automatically converted. Source: ./frontend/app/templates/components/person-edit.hbs
2020-02-05T10:02:55.185Z [warn] WARNING: {{f.text-field}} was not converted as it has positional parameters which can't be automatically converted. Source: ./frontend/app/templates/components/person-edit.hbs
2020-02-05T10:02:55.670Z [warn] WARNING: {{f.text-field}} was not converted as it has positional parameters which can't be automatically converted. Source: ./frontend/app/templates/components/person-new.hbs
2020-02-05T10:02:55.670Z [warn] WARNING: {{f.text-field}} was not converted as it has positional parameters which can't be automatically converted. Source: ./frontend/app/templates/components/person-new.hbs
2020-02-05T10:02:55.670Z [warn] WARNING: {{f.text-field}} was not converted as it has positional parameters which can't be automatically converted. Source: ./frontend/app/templates/components/person-new.hbs
2020-02-05T10:02:55.676Z [warn] WARNING: {{f.text-field}} was not converted as it has positional parameters which can't be automatically converted. Source: ./frontend/app/templates/components/person-new.hbs
